This is pdfTeX, Version 3.141592653-2.6-1.40.27 (TeX Live 2025/Homebrew) (preloaded format=pdflatex 2025.10.11)  5 NOV 2025 23:14
entering extended mode
 restricted \write18 enabled.
 %&-line parsing enabled.
**vlc-ios-paper.tex vlc-ios-presentation.tex
(./vlc-ios-paper.tex
LaTeX2e <2024-11-01> patch level 2
L3 programming layer <2025-01-18>

(/usr/local/Cellar/texlive/20250308_1/share/texmf-dist/tex/latex/base/article.c
ls
Document Class: article 2024/06/29 v1.4n Standard LaTeX document class

(/usr/local/Cellar/texlive/20250308_1/share/texmf-dist/tex/latex/base/size11.cl
o
File: size11.clo 2024/06/29 v1.4n Standard LaTeX file (size option)
)
\c@part=\count196
\c@section=\count197
\c@subsection=\count198
\c@subsubsection=\count199
\c@paragraph=\count266
\c@subparagraph=\count267
\c@figure=\count268
\c@table=\count269
\abovecaptionskip=\skip49
\belowcaptionskip=\skip50
\bibindent=\dimen141
)
(/usr/local/Cellar/texlive/20250308_1/share/texmf-dist/tex/latex/base/inputenc.
sty
Package: inputenc 2024/02/08 v1.3d Input encoding file
\inpenc@prehook=\toks17
\inpenc@posthook=\toks18
)
(/usr/local/Cellar/texlive/20250308_1/share/texmf-dist/tex/latex/base/fontenc.s
ty
Package: fontenc 2021/04/29 v2.0v Standard LaTeX package
)
(/usr/local/Cellar/texlive/20250308_1/share/texmf-dist/tex/latex/graphics/graph
icx.sty
Package: graphicx 2021/09/16 v1.2d Enhanced LaTeX Graphics (DPC,SPQR)

(/usr/local/Cellar/texlive/20250308_1/share/texmf-dist/tex/latex/graphics/keyva
l.sty
Package: keyval 2022/05/29 v1.15 key=value parser (DPC)
\KV@toks@=\toks19
)
(/usr/local/Cellar/texlive/20250308_1/share/texmf-dist/tex/latex/graphics/graph
ics.sty
Package: graphics 2024/08/06 v1.4g Standard LaTeX Graphics (DPC,SPQR)

(/usr/local/Cellar/texlive/20250308_1/share/texmf-dist/tex/latex/graphics/trig.
sty
Package: trig 2023/12/02 v1.11 sin cos tan (DPC)
)
(/usr/local/Cellar/texlive/20250308_1/share/texmf-dist/tex/latex/graphics-cfg/g
raphics.cfg
File: graphics.cfg 2016/06/04 v1.11 sample graphics configuration
)
Package graphics Info: Driver file: pdftex.def on input line 106.

(/usr/local/Cellar/texlive/20250308_1/share/texmf-dist/tex/latex/graphics-def/p
dftex.def
File: pdftex.def 2024/04/13 v1.2c Graphics/color driver for pdftex
))
\Gin@req@height=\dimen142
\Gin@req@width=\dimen143
)
(/usr/local/Cellar/texlive/20250308_1/share/texmf-dist/tex/latex/hyperref/hyper
ref.sty
Package: hyperref 2024-11-05 v7.01l Hypertext links for LaTeX

(/usr/local/Cellar/texlive/20250308_1/share/texmf-dist/tex/generic/iftex/iftex.
sty
Package: iftex 2024/12/12 v1.0g TeX engine tests
)
(/usr/local/Cellar/texlive/20250308_1/share/texmf-dist/tex/latex/kvsetkeys/kvse
tkeys.sty
Package: kvsetkeys 2022-10-05 v1.19 Key value parser (HO)
)
(/usr/local/Cellar/texlive/20250308_1/share/texmf-dist/tex/generic/kvdefinekeys
/kvdefinekeys.sty
Package: kvdefinekeys 2019-12-19 v1.6 Define keys (HO)
)
(/usr/local/Cellar/texlive/20250308_1/share/texmf-dist/tex/generic/pdfescape/pd
fescape.sty
Package: pdfescape 2019/12/09 v1.15 Implements pdfTeX's escape features (HO)

(/usr/local/Cellar/texlive/20250308_1/share/texmf-dist/tex/generic/ltxcmds/ltxc
mds.sty
Package: ltxcmds 2023-12-04 v1.26 LaTeX kernel commands for general use (HO)
)
(/usr/local/Cellar/texlive/20250308_1/share/texmf-dist/tex/generic/pdftexcmds/p
dftexcmds.sty
Package: pdftexcmds 2020-06-27 v0.33 Utility functions of pdfTeX for LuaTeX (HO
)

(/usr/local/Cellar/texlive/20250308_1/share/texmf-dist/tex/generic/infwarerr/in
fwarerr.sty
Package: infwarerr 2019/12/03 v1.5 Providing info/warning/error messages (HO)
)
Package pdftexcmds Info: \pdf@primitive is available.
Package pdftexcmds Info: \pdf@ifprimitive is available.
Package pdftexcmds Info: \pdfdraftmode found.
))
(/usr/local/Cellar/texlive/20250308_1/share/texmf-dist/tex/latex/hycolor/hycolo
r.sty
Package: hycolor 2020-01-27 v1.10 Color options for hyperref/bookmark (HO)
)
(/usr/local/Cellar/texlive/20250308_1/share/texmf-dist/tex/latex/hyperref/namer
ef.sty
Package: nameref 2023-11-26 v2.56 Cross-referencing by name of section

(/usr/local/Cellar/texlive/20250308_1/share/texmf-dist/tex/latex/refcount/refco
unt.sty
Package: refcount 2019/12/15 v3.6 Data extraction from label references (HO)
)
(/usr/local/Cellar/texlive/20250308_1/share/texmf-dist/tex/generic/gettitlestri
ng/gettitlestring.sty
Package: gettitlestring 2019/12/15 v1.6 Cleanup title references (HO)

(/usr/local/Cellar/texlive/20250308_1/share/texmf-dist/tex/latex/kvoptions/kvop
tions.sty
Package: kvoptions 2022-06-15 v3.15 Key value format for package options (HO)
))
\c@section@level=\count270
)
(/usr/local/Cellar/texlive/20250308_1/share/texmf-dist/tex/latex/etoolbox/etool
box.sty
Package: etoolbox 2025/02/11 v2.5l e-TeX tools for LaTeX (JAW)
\etb@tempcnta=\count271
)
(/usr/local/Cellar/texlive/20250308_1/share/texmf-dist/tex/generic/stringenc/st
ringenc.sty
Package: stringenc 2019/11/29 v1.12 Convert strings between diff. encodings (HO
)
)
\@linkdim=\dimen144
\Hy@linkcounter=\count272
\Hy@pagecounter=\count273

(/usr/local/Cellar/texlive/20250308_1/share/texmf-dist/tex/latex/hyperref/pd1en
c.def
File: pd1enc.def 2024-11-05 v7.01l Hyperref: PDFDocEncoding definition (HO)
Now handling font encoding PD1 ...
... no UTF-8 mapping file for font encoding PD1
)
(/usr/local/Cellar/texlive/20250308_1/share/texmf-dist/tex/generic/intcalc/intc
alc.sty
Package: intcalc 2019/12/15 v1.3 Expandable calculations with integers (HO)
)
\Hy@SavedSpaceFactor=\count274

(/usr/local/Cellar/texlive/20250308_1/share/texmf-dist/tex/latex/hyperref/puenc
.def
File: puenc.def 2024-11-05 v7.01l Hyperref: PDF Unicode definition (HO)
Now handling font encoding PU ...
... no UTF-8 mapping file for font encoding PU
)
Package hyperref Info: Hyper figures OFF on input line 4157.
Package hyperref Info: Link nesting OFF on input line 4162.
Package hyperref Info: Hyper index ON on input line 4165.
Package hyperref Info: Plain pages OFF on input line 4172.
Package hyperref Info: Backreferencing OFF on input line 4177.
Package hyperref Info: Implicit mode ON; LaTeX internals redefined.
Package hyperref Info: Bookmarks ON on input line 4424.
\c@Hy@tempcnt=\count275

(/usr/local/Cellar/texlive/20250308_1/share/texmf-dist/tex/latex/url/url.sty
\Urlmuskip=\muskip17
Package: url 2013/09/16  ver 3.4  Verb mode for urls, etc.
)
LaTeX Info: Redefining \url on input line 4763.
\XeTeXLinkMargin=\dimen145

(/usr/local/Cellar/texlive/20250308_1/share/texmf-dist/tex/generic/bitset/bitse
t.sty
Package: bitset 2019/12/09 v1.3 Handle bit-vector datatype (HO)

(/usr/local/Cellar/texlive/20250308_1/share/texmf-dist/tex/generic/bigintcalc/b
igintcalc.sty
Package: bigintcalc 2019/12/15 v1.5 Expandable calculations on big integers (HO
)
))
\Fld@menulength=\count276
\Field@Width=\dimen146
\Fld@charsize=\dimen147
Package hyperref Info: Hyper figures OFF on input line 6042.
Package hyperref Info: Link nesting OFF on input line 6047.
Package hyperref Info: Hyper index ON on input line 6050.
Package hyperref Info: backreferencing OFF on input line 6057.
Package hyperref Info: Link coloring OFF on input line 6062.
Package hyperref Info: Link coloring with OCG OFF on input line 6067.
Package hyperref Info: PDF/A mode OFF on input line 6072.

(/usr/local/Cellar/texlive/20250308_1/share/texmf-dist/tex/latex/base/atbegshi-
ltx.sty
Package: atbegshi-ltx 2021/01/10 v1.0c Emulation of the original atbegshi
package with kernel methods
)
\Hy@abspage=\count277
\c@Item=\count278
\c@Hfootnote=\count279
)
Package hyperref Info: Driver (autodetected): hpdftex.

(/usr/local/Cellar/texlive/20250308_1/share/texmf-dist/tex/latex/hyperref/hpdft
ex.def
File: hpdftex.def 2024-11-05 v7.01l Hyperref driver for pdfTeX

(/usr/local/Cellar/texlive/20250308_1/share/texmf-dist/tex/latex/base/atveryend
-ltx.sty
Package: atveryend-ltx 2020/08/19 v1.0a Emulation of the original atveryend pac
kage
with kernel methods
)
\Fld@listcount=\count280
\c@bookmark@seq@number=\count281

(/usr/local/Cellar/texlive/20250308_1/share/texmf-dist/tex/latex/rerunfilecheck
/rerunfilecheck.sty
Package: rerunfilecheck 2022-07-10 v1.10 Rerun checks for auxiliary files (HO)

(/usr/local/Cellar/texlive/20250308_1/share/texmf-dist/tex/generic/uniquecounte
r/uniquecounter.sty
Package: uniquecounter 2019/12/15 v1.4 Provide unlimited unique counter (HO)
)
Package uniquecounter Info: New unique counter `rerunfilecheck' on input line 2
85.
)
\Hy@SectionHShift=\skip51
)
(/usr/local/Cellar/texlive/20250308_1/share/texmf-dist/tex/latex/amsmath/amsmat
h.sty
Package: amsmath 2024/11/05 v2.17t AMS math features
\@mathmargin=\skip52

For additional information on amsmath, use the `?' option.

(/usr/local/Cellar/texlive/20250308_1/share/texmf-dist/tex/latex/amsmath/amstex
t.sty
Package: amstext 2021/08/26 v2.01 AMS text

(/usr/local/Cellar/texlive/20250308_1/share/texmf-dist/tex/latex/amsmath/amsgen
.sty
File: amsgen.sty 1999/11/30 v2.0 generic functions
\@emptytoks=\toks20
\ex@=\dimen148
))
(/usr/local/Cellar/texlive/20250308_1/share/texmf-dist/tex/latex/amsmath/amsbsy
.sty
Package: amsbsy 1999/11/29 v1.2d Bold Symbols
\pmbraise@=\dimen149
)
(/usr/local/Cellar/texlive/20250308_1/share/texmf-dist/tex/latex/amsmath/amsopn
.sty
Package: amsopn 2022/04/08 v2.04 operator names
)
\inf@bad=\count282
LaTeX Info: Redefining \frac on input line 233.
\uproot@=\count283
\leftroot@=\count284
LaTeX Info: Redefining \overline on input line 398.
LaTeX Info: Redefining \colon on input line 409.
\classnum@=\count285
\DOTSCASE@=\count286
LaTeX Info: Redefining \ldots on input line 495.
LaTeX Info: Redefining \dots on input line 498.
LaTeX Info: Redefining \cdots on input line 619.
\Mathstrutbox@=\box52
\strutbox@=\box53
LaTeX Info: Redefining \big on input line 721.
LaTeX Info: Redefining \Big on input line 722.
LaTeX Info: Redefining \bigg on input line 723.
LaTeX Info: Redefining \Bigg on input line 724.
\big@size=\dimen150
LaTeX Font Info:    Redeclaring font encoding OML on input line 742.
LaTeX Font Info:    Redeclaring font encoding OMS on input line 743.
\macc@depth=\count287
LaTeX Info: Redefining \bmod on input line 904.
LaTeX Info: Redefining \pmod on input line 909.
LaTeX Info: Redefining \smash on input line 939.
LaTeX Info: Redefining \relbar on input line 969.
LaTeX Info: Redefining \Relbar on input line 970.
\c@MaxMatrixCols=\count288
\dotsspace@=\muskip18
\c@parentequation=\count289
\dspbrk@lvl=\count290
\tag@help=\toks21
\row@=\count291
\column@=\count292
\maxfields@=\count293
\andhelp@=\toks22
\eqnshift@=\dimen151
\alignsep@=\dimen152
\tagshift@=\dimen153
\tagwidth@=\dimen154
\totwidth@=\dimen155
\lineht@=\dimen156
\@envbody=\toks23
\multlinegap=\skip53
\multlinetaggap=\skip54
\mathdisplay@stack=\toks24
LaTeX Info: Redefining \[ on input line 2953.
LaTeX Info: Redefining \] on input line 2954.
)
(/usr/local/Cellar/texlive/20250308_1/share/texmf-dist/tex/latex/listings/listi
ngs.sty
\lst@mode=\count294
\lst@gtempboxa=\box54
\lst@token=\toks25
\lst@length=\count295
\lst@currlwidth=\dimen157
\lst@column=\count296
\lst@pos=\count297
\lst@lostspace=\dimen158
\lst@width=\dimen159
\lst@newlines=\count298
\lst@lineno=\count299
\lst@maxwidth=\dimen160

(/usr/local/Cellar/texlive/20250308_1/share/texmf-dist/tex/latex/listings/lstpa
tch.sty
File: lstpatch.sty 2024/09/23 1.10c (Carsten Heinz)
)
(/usr/local/Cellar/texlive/20250308_1/share/texmf-dist/tex/latex/listings/lstmi
sc.sty
File: lstmisc.sty 2024/09/23 1.10c (Carsten Heinz)
\c@lstnumber=\count300
\lst@skipnumbers=\count301
\lst@framebox=\box55
)
(/usr/local/Cellar/texlive/20250308_1/share/texmf-dist/tex/latex/listings/listi
ngs.cfg
File: listings.cfg 2024/09/23 1.10c listings configuration
))
Package: listings 2024/09/23 1.10c (Carsten Heinz)

(/usr/local/Cellar/texlive/20250308_1/share/texmf-dist/tex/latex/xcolor/xcolor.
sty
Package: xcolor 2024/09/29 v3.02 LaTeX color extensions (UK)

(/usr/local/Cellar/texlive/20250308_1/share/texmf-dist/tex/latex/graphics-cfg/c
olor.cfg
File: color.cfg 2016/01/02 v1.6 sample color configuration
)
Package xcolor Info: Driver file: pdftex.def on input line 274.

(/usr/local/Cellar/texlive/20250308_1/share/texmf-dist/tex/latex/graphics/mathc
olor.ltx)
Package xcolor Info: Model `cmy' substituted by `cmy0' on input line 1349.
Package xcolor Info: Model `hsb' substituted by `rgb' on input line 1353.
Package xcolor Info: Model `RGB' extended on input line 1365.
Package xcolor Info: Model `HTML' substituted by `rgb' on input line 1367.
Package xcolor Info: Model `Hsb' substituted by `hsb' on input line 1368.
Package xcolor Info: Model `tHsb' substituted by `hsb' on input line 1369.
Package xcolor Info: Model `HSB' substituted by `hsb' on input line 1370.
Package xcolor Info: Model `Gray' substituted by `gray' on input line 1371.
Package xcolor Info: Model `wave' substituted by `hsb' on input line 1372.
)
(/usr/local/Cellar/texlive/20250308_1/share/texmf-dist/tex/latex/geometry/geome
try.sty
Package: geometry 2020/01/02 v5.9 Page Geometry

(/usr/local/Cellar/texlive/20250308_1/share/texmf-dist/tex/generic/iftex/ifvtex
.sty
Package: ifvtex 2019/10/25 v1.7 ifvtex legacy package. Use iftex instead.
)
\Gm@cnth=\count302
\Gm@cntv=\count303
\c@Gm@tempcnt=\count304
\Gm@bindingoffset=\dimen161
\Gm@wd@mp=\dimen162
\Gm@odd@mp=\dimen163
\Gm@even@mp=\dimen164
\Gm@layoutwidth=\dimen165
\Gm@layoutheight=\dimen166
\Gm@layouthoffset=\dimen167
\Gm@layoutvoffset=\dimen168
\Gm@dimlist=\toks26
)
Package hyperref Info: Option `colorlinks' set `true' on input line 22.

(/usr/local/Cellar/texlive/20250308_1/share/texmf-dist/tex/latex/l3backend/l3ba
ckend-pdftex.def
File: l3backend-pdftex.def 2024-05-08 L3 backend support: PDF output (pdfTeX)
\l__color_backend_stack_int=\count305
\l__pdf_internal_box=\box56
)
No file vlc-ios-paper.aux.
\openout1 = `vlc-ios-paper.aux'.

LaTeX Font Info:    Checking defaults for OML/cmm/m/it on input line 35.
LaTeX Font Info:    ... okay on input line 35.
LaTeX Font Info:    Checking defaults for OMS/cmsy/m/n on input line 35.
LaTeX Font Info:    ... okay on input line 35.
LaTeX Font Info:    Checking defaults for OT1/cmr/m/n on input line 35.
LaTeX Font Info:    ... okay on input line 35.
LaTeX Font Info:    Checking defaults for T1/cmr/m/n on input line 35.
LaTeX Font Info:    ... okay on input line 35.
LaTeX Font Info:    Checking defaults for TS1/cmr/m/n on input line 35.
LaTeX Font Info:    ... okay on input line 35.
LaTeX Font Info:    Checking defaults for OMX/cmex/m/n on input line 35.
LaTeX Font Info:    ... okay on input line 35.
LaTeX Font Info:    Checking defaults for U/cmr/m/n on input line 35.
LaTeX Font Info:    ... okay on input line 35.
LaTeX Font Info:    Checking defaults for PD1/pdf/m/n on input line 35.
LaTeX Font Info:    ... okay on input line 35.
LaTeX Font Info:    Checking defaults for PU/pdf/m/n on input line 35.
LaTeX Font Info:    ... okay on input line 35.

(/usr/local/Cellar/texlive/20250308_1/share/texmf-dist/tex/context/base/mkii/su
pp-pdf.mkii
[Loading MPS to PDF converter (version 2006.09.02).]
\scratchcounter=\count306
\scratchdimen=\dimen169
\scratchbox=\box57
\nofMPsegments=\count307
\nofMParguments=\count308
\everyMPshowfont=\toks27
\MPscratchCnt=\count309
\MPscratchDim=\dimen170
\MPnumerator=\count310
\makeMPintoPDFobject=\count311
\everyMPtoPDFconversion=\toks28
)
(/usr/local/Cellar/texlive/20250308_1/share/texmf-dist/tex/latex/epstopdf-pkg/e
pstopdf-base.sty
Package: epstopdf-base 2020-01-24 v2.11 Base part for package epstopdf
Package epstopdf-base Info: Redefining graphics rule for `.eps' on input line 4
85.

(/usr/local/Cellar/texlive/20250308_1/share/texmf-dist/tex/latex/latexconfig/ep
stopdf-sys.cfg
File: epstopdf-sys.cfg 2010/07/13 v1.3 Configuration of (r)epstopdf for TeX Liv
e
))
Package hyperref Info: Link coloring ON on input line 35.
\@outlinefile=\write3
\openout3 = `vlc-ios-paper.out'.

\c@lstlisting=\count312

*geometry* driver: auto-detecting
*geometry* detected driver: pdftex
*geometry* verbose mode - [ preamble ] result:
* driver: pdftex
* paper: a4paper
* layout: <same size as paper>
* layoutoffset:(h,v)=(0.0pt,0.0pt)
* modes: 
* h-part:(L,W,R)=(72.26999pt, 452.9679pt, 72.26999pt)
* v-part:(T,H,B)=(72.26999pt, 700.50687pt, 72.26999pt)
* \paperwidth=597.50787pt
* \paperheight=845.04684pt
* \textwidth=452.9679pt
* \textheight=700.50687pt
* \oddsidemargin=0.0pt
* \evensidemargin=0.0pt
* \topmargin=-37.0pt
* \headheight=12.0pt
* \headsep=25.0pt
* \topskip=11.0pt
* \footskip=30.0pt
* \marginparwidth=50.0pt
* \marginparsep=10.0pt
* \columnsep=10.0pt
* \skip\footins=10.0pt plus 4.0pt minus 2.0pt
* \hoffset=0.0pt
* \voffset=0.0pt
* \mag=1000
* \@twocolumnfalse
* \@twosidefalse
* \@mparswitchfalse
* \@reversemarginfalse
* (1in=72.27pt=25.4mm, 1cm=28.453pt)



[1

{/usr/local/Cellar/texlive/20250308_1/share/texmf-dist/fonts/map/pdftex/updmap/
pdftex.map}{/usr/local/Cellar/texlive/20250308_1/share/texmf-dist/fonts/enc/dvi
ps/cm-super/cm-super-t1.enc}{/usr/local/Cellar/texlive/20250308_1/share/texmf-d
ist/fonts/enc/dvips/cm-super/cm-super-ts1.enc}]
Overfull \hbox (10.40883pt too wide) in paragraph at lines 93--94
[]\T1/cmr/bx/n/10.95 @objc An-no-ta-tions\T1/cmr/m/n/10.95 : Swift classes and 
meth-ods are marked with \T1/cmtt/m/n/10.95 @objc \T1/cmr/m/n/10.95 to en-sure 
Objective-
 []


Overfull \hbox (12.29213pt too wide) in paragraph at lines 103--104
[]\T1/cmr/bx/n/10.95 Smart Au-dio Modes\T1/cmr/m/n/10.95 : Four dis-tinct modes
 (Nor-mal, Voice, Mu-sic, Pod-cast) with frequency-
 []



[2]
Overfull \hbox (16.43567pt too wide) in paragraph at lines 108--109
[]\T1/cmr/m/n/10.95 The im-ple-men-ta-tion uses \T1/cmtt/m/n/10.95 VLCCarPlayAu
dioManager\T1/cmr/m/n/10.95 , which in-ter-faces with \T1/cmtt/m/n/10.95 VLCPla
ybackService
 []



[3]

[4]

[5]
Underfull \hbox (badness 10000) in paragraph at lines 277--278
[]\T1/cmr/m/n/10.95 VideoLAN. \T1/cmr/m/it/10.95 lib-vlc Doc-u-men-ta-tion\T1/c
mr/m/n/10.95 . [][]$\T1/cmtt/m/n/10.95 https : / / www . videolan . org / devel
opers / vlc / doc /
 []


Underfull \hbox (badness 3803) in paragraph at lines 289--290
[]\T1/cmr/m/n/10.95 Apple Inc. \T1/cmr/m/it/10.95 CarPlay Doc-u-men-ta-tion\T1/
cmr/m/n/10.95 . [][]$\T1/cmtt/m/n/10.95 https : / / developer . apple . com / d
ocumentation /
 []


Underfull \hbox (badness 1642) in paragraph at lines 295--296
[]\T1/cmr/m/n/10.95 Free Soft-ware Foun-da-tion. \T1/cmr/m/it/10.95 GNU Gen-era
l Pub-lic Li-cense v2\T1/cmr/m/n/10.95 . [][]$\T1/cmtt/m/n/10.95 https : / / ww
w . gnu . org /
 []



[6] (./vlc-ios-paper.aux)
 ***********
LaTeX2e <2024-11-01> patch level 2
L3 programming layer <2025-01-18>
 ***********


LaTeX Warning: Label(s) may have changed. Rerun to get cross-references right.


Package rerunfilecheck Warning: File `vlc-ios-paper.out' has changed.
(rerunfilecheck)                Rerun to get outlines right
(rerunfilecheck)                or use package `bookmark'.

Package rerunfilecheck Info: Checksums for `vlc-ios-paper.out':
(rerunfilecheck)             Before: <no file>
(rerunfilecheck)             After:  76636650ECC56E1B8AFE6E96E34AD670;4176.
 ) 
Here is how much of TeX's memory you used:
 11754 strings out of 473190
 180510 string characters out of 5705897
 594345 words of memory out of 5000000
 34838 multiletter control sequences out of 15000+600000
 571673 words of font info for 64 fonts, out of 8000000 for 9000
 1141 hyphenation exceptions out of 8191
 75i,6n,79p,693b,514s stack positions out of 10000i,1000n,20000p,200000b,200000s
</usr/local/Cellar/texlive/20250308_1/share/texmf-dist/fonts/type1/public/cm-
super/sfbx1000.pfb></usr/local/Cellar/texlive/20250308_1/share/texmf-dist/fonts
/type1/public/cm-super/sfbx1095.pfb></usr/local/Cellar/texlive/20250308_1/share
/texmf-dist/fonts/type1/public/cm-super/sfbx1200.pfb></usr/local/Cellar/texlive
/20250308_1/share/texmf-dist/fonts/type1/public/cm-super/sfbx1440.pfb></usr/loc
al/Cellar/texlive/20250308_1/share/texmf-dist/fonts/type1/public/cm-super/sfrm1
000.pfb></usr/local/Cellar/texlive/20250308_1/share/texmf-dist/fonts/type1/publ
ic/cm-super/sfrm1095.pfb></usr/local/Cellar/texlive/20250308_1/share/texmf-dist
/fonts/type1/public/cm-super/sfrm1200.pfb></usr/local/Cellar/texlive/20250308_1
/share/texmf-dist/fonts/type1/public/cm-super/sfrm1728.pfb></usr/local/Cellar/t
exlive/20250308_1/share/texmf-dist/fonts/type1/public/cm-super/sfti1095.pfb></u
sr/local/Cellar/texlive/20250308_1/share/texmf-dist/fonts/type1/public/cm-super
/sftt1095.pfb>
Output written on vlc-ios-paper.pdf (6 pages, 241191 bytes).
PDF statistics:
 157 PDF objects out of 1000 (max. 8388607)
 126 compressed objects within 2 object streams
 48 named destinations out of 1000 (max. 500000)
 1 words of extra memory for PDF output out of 10000 (max. 10000000)

