\BOOKMARK [1][-]{section.1}{\376\377\000I\000n\000t\000r\000o\000d\000u\000c\000t\000i\000o\000n}{}% 1
\BOOKMARK [2][-]{subsection.1.1}{\376\377\000P\000r\000o\000j\000e\000c\000t\000\040\000O\000v\000e\000r\000v\000i\000e\000w}{section.1}% 2
\BOOKMARK [1][-]{section.2}{\376\377\000A\000r\000c\000h\000i\000t\000e\000c\000t\000u\000r\000e}{}% 3
\BOOKMARK [2][-]{subsection.2.1}{\376\377\000C\000o\000r\000e\000\040\000C\000o\000m\000p\000o\000n\000e\000n\000t\000s}{section.2}% 4
\BOOKMARK [3][-]{subsubsection.2.1.1}{\376\377\000V\000L\000C\000K\000i\000t\000\040\000I\000n\000t\000e\000g\000r\000a\000t\000i\000o\000n}{subsection.2.1}% 5
\BOOKMARK [3][-]{subsubsection.2.1.2}{\376\377\000M\000e\000d\000i\000a\000\040\000L\000i\000b\000r\000a\000r\000y\000\040\000S\000e\000r\000v\000i\000c\000e}{subsection.2.1}% 6
\BOOKMARK [3][-]{subsubsection.2.1.3}{\376\377\000P\000l\000a\000y\000b\000a\000c\000k\000\040\000S\000e\000r\000v\000i\000c\000e}{subsection.2.1}% 7
\BOOKMARK [2][-]{subsection.2.2}{\376\377\000S\000w\000i\000f\000t\000-\000O\000b\000j\000e\000c\000t\000i\000v\000e\000-\000C\000\040\000I\000n\000t\000e\000r\000o\000p\000e\000r\000a\000b\000i\000l\000i\000t\000y}{section.2}% 8
\BOOKMARK [1][-]{section.3}{\376\377\000R\000e\000c\000e\000n\000t\000\040\000E\000n\000h\000a\000n\000c\000e\000m\000e\000n\000t\000s}{}% 9
\BOOKMARK [2][-]{subsection.3.1}{\376\377\000C\000a\000r\000P\000l\000a\000y\000\040\000A\000u\000d\000i\000o\000\040\000E\000n\000h\000a\000n\000c\000e\000m\000e\000n\000t\000s}{section.3}% 10
\BOOKMARK [2][-]{subsection.3.2}{\376\377\000F\000o\000c\000u\000s\000\040\000M\000o\000d\000e\000\040\000I\000n\000t\000e\000g\000r\000a\000t\000i\000o\000n}{section.3}% 11
\BOOKMARK [2][-]{subsection.3.3}{\376\377\000H\000o\000m\000e\000\040\000S\000c\000r\000e\000e\000n\000\040\000W\000i\000d\000g\000e\000t\000s}{section.3}% 12
\BOOKMARK [2][-]{subsection.3.4}{\376\377\000L\000i\000v\000e\000\040\000A\000c\000t\000i\000v\000i\000t\000i\000e\000s}{section.3}% 13
\BOOKMARK [2][-]{subsection.3.5}{\376\377\000i\000C\000l\000o\000u\000d\000\040\000S\000y\000n\000c\000h\000r\000o\000n\000i\000z\000a\000t\000i\000o\000n}{section.3}% 14
\BOOKMARK [1][-]{section.4}{\376\377\000T\000e\000c\000h\000n\000i\000c\000a\000l\000\040\000C\000h\000a\000l\000l\000e\000n\000g\000e\000s\000\040\000a\000n\000d\000\040\000S\000o\000l\000u\000t\000i\000o\000n\000s}{}% 15
\BOOKMARK [2][-]{subsection.4.1}{\376\377\000M\000u\000l\000t\000i\000-\000T\000a\000r\000g\000e\000t\000\040\000B\000u\000i\000l\000d\000\040\000S\000y\000s\000t\000e\000m}{section.4}% 16
\BOOKMARK [2][-]{subsection.4.2}{\376\377\000D\000e\000p\000e\000n\000d\000e\000n\000c\000y\000\040\000M\000a\000n\000a\000g\000e\000m\000e\000n\000t}{section.4}% 17
\BOOKMARK [2][-]{subsection.4.3}{\376\377\000P\000e\000r\000f\000o\000r\000m\000a\000n\000c\000e\000\040\000O\000p\000t\000i\000m\000i\000z\000a\000t\000i\000o\000n}{section.4}% 18
\BOOKMARK [1][-]{section.5}{\376\377\000U\000s\000e\000r\000\040\000E\000x\000p\000e\000r\000i\000e\000n\000c\000e\000\040\000F\000e\000a\000t\000u\000r\000e\000s}{}% 19
\BOOKMARK [2][-]{subsection.5.1}{\376\377\000A\000c\000c\000e\000s\000s\000i\000b\000i\000l\000i\000t\000y}{section.5}% 20
\BOOKMARK [2][-]{subsection.5.2}{\376\377\000L\000o\000c\000a\000l\000i\000z\000a\000t\000i\000o\000n}{section.5}% 21
\BOOKMARK [1][-]{section.6}{\376\377\000O\000p\000e\000n\000\040\000S\000o\000u\000r\000c\000e\000\040\000M\000o\000d\000e\000l}{}% 22
\BOOKMARK [1][-]{section.7}{\376\377\000D\000e\000v\000e\000l\000o\000p\000m\000e\000n\000t\000\040\000W\000o\000r\000k\000f\000l\000o\000w}{}% 23
\BOOKMARK [2][-]{subsection.7.1}{\376\377\000C\000o\000d\000e\000\040\000S\000t\000y\000l\000e}{section.7}% 24
\BOOKMARK [2][-]{subsection.7.2}{\376\377\000T\000e\000s\000t\000i\000n\000g}{section.7}% 25
\BOOKMARK [1][-]{section.8}{\376\377\000F\000u\000t\000u\000r\000e\000\040\000D\000i\000r\000e\000c\000t\000i\000o\000n\000s}{}% 26
\BOOKMARK [1][-]{section.9}{\376\377\000C\000o\000n\000c\000l\000u\000s\000i\000o\000n}{}% 27
\BOOKMARK [1][-]{section.10}{\376\377\000A\000c\000k\000n\000o\000w\000l\000e\000d\000g\000m\000e\000n\000t\000s}{}% 28
